\BOOKMARK [0][-]{chapter.1}{\376\377\000i\000n\000t\000r\000o\000d\000u\000c\000e}{}% 1
\BOOKMARK [1][-]{section.1.1}{\376\377\000r\000e\000a\000d\000\040\000t\000h\000e\000\040\000d\000o\000c\000s}{chapter.1}% 2
\BOOKMARK [0][-]{chapter.2}{\376\377\000L\000I\000N\000U\000X}{}% 3
\BOOKMARK [1][-]{section.2.1}{\376\377\000p\000o\000i\000n\000t}{chapter.2}% 4
\BOOKMARK [1][-]{section.2.2}{\376\377\000a\000p\000t}{chapter.2}% 5
\BOOKMARK [1][-]{section.2.3}{\376\377\000s\000h\000e\000l\000l}{chapter.2}% 6
\BOOKMARK [1][-]{section.2.4}{\376\377\000v\000i\000r\000t\000u\000a\000l\000b\000o\000x}{chapter.2}% 7
\BOOKMARK [1][-]{section.2.5}{\376\377\000s\000u\000p\000e\000r\000v\000i\000s\000o\000r}{chapter.2}% 8
\BOOKMARK [0][-]{chapter.3}{\376\377\000P\000R\000O\000G\000R\000A\000M}{}% 9
\BOOKMARK [1][-]{section.3.1}{\376\377\000p\000h\000p}{chapter.3}% 10
\BOOKMARK [1][-]{section.3.2}{\376\377\000s\000h\000e\000l\000l}{chapter.3}% 11
\BOOKMARK [1][-]{section.3.3}{\376\377\000m\000y\000s\000q\000l}{chapter.3}% 12
\BOOKMARK [1][-]{section.3.4}{\376\377\000v\000u\000e}{chapter.3}% 13
\BOOKMARK [1][-]{section.3.5}{\376\377\000r\000e\000d\000i\000s}{chapter.3}% 14
\BOOKMARK [1][-]{section.3.6}{\376\377\000n\000o\000d\000e\000j\000s}{chapter.3}% 15
\BOOKMARK [0][-]{chapter.4}{\376\377\000P\000R\000O\000J\000E\000C\000T}{}% 16
\BOOKMARK [1][-]{section.4.1}{\376\377\000s\000p\000i}{chapter.4}% 17
\BOOKMARK [0][-]{chapter.5}{\376\377\000V\000E\000R\000S\000I\000O\000N\000\040\000C\000O\000N\000T\000R\000O\000L}{}% 18
\BOOKMARK [1][-]{section.5.1}{\376\377\000g\000i\000t}{chapter.5}% 19
\BOOKMARK [1][-]{section.5.2}{\376\377\000s\000v\000n}{chapter.5}% 20
